2023-06-27 19:15:58.675 |-INFO  [main] org.gracefulshutdown.GracefulShutdownApplication [55] -|  Starting GracefulShutdownApplication on DESKTOP-8P8SPK4 with PID 11792 (E:\IdeaProject\cqrcb\graceful-shutdown\target\classes started by MeiChuan in E:\IdeaProject\cqrcb\graceful-shutdown)
2023-06-27 19:15:58.687 |-INFO  [main] org.gracefulshutdown.GracefulShutdownApplication [648] -|  No active profile set, falling back to default profiles: default
2023-06-27 19:16:00.283 |-INFO  [main] org.springframework.boot.web.embedded.tomcat.TomcatWebServer [108] -|  Tomcat initialized with port(s): 8848 (http)
2023-06-27 19:16:00.302 |-INFO  [main] org.apache.coyote.http11.Http11NioProtocol [173] -|  Initializing ProtocolHandler ["http-nio-8848"]
2023-06-27 19:16:00.303 |-INFO  [main] org.apache.catalina.core.StandardService [173] -|  Starting service [Tomcat]
2023-06-27 19:16:00.304 |-INFO  [main] org.apache.catalina.core.StandardEngine [173] -|  Starting Servlet engine: [Apache Tomcat/9.0.46]
2023-06-27 19:16:00.415 |-INFO  [main] org.apache.catalina.core.ContainerBase.[Tomcat].[localhost].[/] [173] -|  Initializing Spring embedded WebApplicationContext
2023-06-27 19:16:00.415 |-INFO  [main] org.springframework.boot.web.servlet.context.ServletWebServerApplicationContext [285] -|  Root WebApplicationContext: initialization completed in 1655 ms
2023-06-27 19:16:00.775 |-INFO  [main] org.springframework.scheduling.concurrent.ThreadPoolTaskExecutor [181] -|  Initializing ExecutorService 'applicationTaskExecutor'
2023-06-27 19:16:00.987 |-INFO  [main] org.apache.coyote.http11.Http11NioProtocol [173] -|  Starting ProtocolHandler ["http-nio-8848"]
2023-06-27 19:16:01.014 |-INFO  [main] org.springframework.boot.web.embedded.tomcat.TomcatWebServer [220] -|  Tomcat started on port(s): 8848 (http) with context path ''
2023-06-27 19:16:01.027 |-INFO  [main] org.gracefulshutdown.GracefulShutdownApplication [61] -|  Started GracefulShutdownApplication in 3.213 seconds (JVM running for 5.235)
2023-06-27 19:21:00.344 |-INFO  [http-nio-8848-exec-1] org.apache.catalina.core.ContainerBase.[Tomcat].[localhost].[/] [173] -|  Initializing Spring DispatcherServlet 'dispatcherServlet'
2023-06-27 19:21:00.344 |-INFO  [http-nio-8848-exec-1] org.springframework.web.servlet.DispatcherServlet [525] -|  Initializing Servlet 'dispatcherServlet'
2023-06-27 19:21:00.354 |-INFO  [http-nio-8848-exec-1] org.springframework.web.servlet.DispatcherServlet [547] -|  Completed initialization in 10 ms
2023-06-27 19:21:10.349 |-INFO  [http-nio-8848-exec-1] org.gracefulshutdown.controller.TransactionOrderController [57] -|  >>>>>>>>>>>>>>>>>>>>>>>>>>>>>>>>>>>  当前count为：0，执行时间：2023-06-27 19:21:10
2023-06-27 19:21:24.026 |-INFO  [http-nio-8848-exec-1] org.gracefulshutdown.controller.TransactionOrderController [57] -|  >>>>>>>>>>>>>>>>>>>>>>>>>>>>>>>>>>>  当前count为：10，执行时间：2023-06-27 19:21:10
2023-06-27 19:21:34.054 |-INFO  [http-nio-8848-exec-1] org.gracefulshutdown.controller.TransactionOrderController [57] -|  >>>>>>>>>>>>>>>>>>>>>>>>>>>>>>>>>>>  当前count为：20，执行时间：2023-06-27 19:21:10
2023-06-27 19:21:36.066 |-INFO  [Thread-8] org.gracefulshutdown.hook.ControllerMonitorHook [32] -|  >>>>>>>>>>>>>>>>>>>>>>>>>>> 当前应用执行停机, 停机开始时间为：2023-06-27 19:21:36
2023-06-27 19:21:36.066 |-INFO  [Thread-8] org.gracefulshutdown.hook.ControllerMonitorHook [35] -|  当前需进行等待
2023-06-27 19:21:36.069 |-INFO  [SpringContextShutdownHook] org.springframework.boot.web.embedded.tomcat.GracefulShutdown [53] -|  Commencing graceful shutdown. Waiting for active requests to complete
2023-06-27 19:21:44.125 |-INFO  [http-nio-8848-exec-1] org.gracefulshutdown.controller.TransactionOrderController [57] -|  >>>>>>>>>>>>>>>>>>>>>>>>>>>>>>>>>>>  当前count为：30，执行时间：2023-06-27 19:21:10
2023-06-27 19:21:45.627 |-INFO  [tomcat-shutdown] org.springframework.boot.web.embedded.tomcat.GracefulShutdown [78] -|  Graceful shutdown complete
2023-06-27 19:21:45.635 |-INFO  [SpringContextShutdownHook] org.springframework.scheduling.concurrent.ThreadPoolTaskExecutor [218] -|  Shutting down ExecutorService 'applicationTaskExecutor'
2023-06-27 19:22:09.289 |-INFO  [main] org.gracefulshutdown.GracefulShutdownApplication [55] -|  Starting GracefulShutdownApplication on DESKTOP-8P8SPK4 with PID 18572 (E:\IdeaProject\cqrcb\graceful-shutdown\target\classes started by MeiChuan in E:\IdeaProject\cqrcb\graceful-shutdown)
2023-06-27 19:22:09.295 |-INFO  [main] org.gracefulshutdown.GracefulShutdownApplication [648] -|  No active profile set, falling back to default profiles: default
2023-06-27 19:22:10.430 |-INFO  [main] org.springframework.boot.web.embedded.tomcat.TomcatWebServer [108] -|  Tomcat initialized with port(s): 8848 (http)
2023-06-27 19:22:10.442 |-INFO  [main] org.apache.coyote.http11.Http11NioProtocol [173] -|  Initializing ProtocolHandler ["http-nio-8848"]
2023-06-27 19:22:10.442 |-INFO  [main] org.apache.catalina.core.StandardService [173] -|  Starting service [Tomcat]
2023-06-27 19:22:10.442 |-INFO  [main] org.apache.catalina.core.StandardEngine [173] -|  Starting Servlet engine: [Apache Tomcat/9.0.46]
2023-06-27 19:22:10.552 |-INFO  [main] org.apache.catalina.core.ContainerBase.[Tomcat].[localhost].[/] [173] -|  Initializing Spring embedded WebApplicationContext
2023-06-27 19:22:10.553 |-INFO  [main] org.springframework.boot.web.servlet.context.ServletWebServerApplicationContext [285] -|  Root WebApplicationContext: initialization completed in 1191 ms
2023-06-27 19:22:10.852 |-INFO  [main] org.springframework.scheduling.concurrent.ThreadPoolTaskExecutor [181] -|  Initializing ExecutorService 'applicationTaskExecutor'
2023-06-27 19:22:11.022 |-INFO  [main] org.apache.coyote.http11.Http11NioProtocol [173] -|  Starting ProtocolHandler ["http-nio-8848"]
2023-06-27 19:22:11.043 |-INFO  [main] org.springframework.boot.web.embedded.tomcat.TomcatWebServer [220] -|  Tomcat started on port(s): 8848 (http) with context path ''
2023-06-27 19:22:11.053 |-INFO  [main] org.gracefulshutdown.GracefulShutdownApplication [61] -|  Started GracefulShutdownApplication in 2.292 seconds (JVM running for 3.656)
2023-06-27 19:22:16.536 |-INFO  [http-nio-8848-exec-2] org.apache.catalina.core.ContainerBase.[Tomcat].[localhost].[/] [173] -|  Initializing Spring DispatcherServlet 'dispatcherServlet'
2023-06-27 19:22:16.537 |-INFO  [http-nio-8848-exec-2] org.springframework.web.servlet.DispatcherServlet [525] -|  Initializing Servlet 'dispatcherServlet'
2023-06-27 19:22:16.550 |-INFO  [http-nio-8848-exec-2] org.springframework.web.servlet.DispatcherServlet [547] -|  Completed initialization in 13 ms
2023-06-27 19:22:18.570 |-INFO  [http-nio-8848-exec-2] org.gracefulshutdown.controller.TransactionOrderController [57] -|  >>>>>>>>>>>>>>>>>>>>>>>>>>>>>>>>>>>  当前count为：0，执行时间：2023-06-27 19:22:18
2023-06-27 19:22:22.173 |-INFO  [Thread-6] org.gracefulshutdown.hook.ControllerMonitorHook [32] -|  >>>>>>>>>>>>>>>>>>>>>>>>>>> 当前应用执行停机, 停机开始时间为：2023-06-27 19:22:22
2023-06-27 19:22:22.174 |-INFO  [Thread-6] org.gracefulshutdown.hook.ControllerMonitorHook [35] -|  当前需进行等待
2023-06-27 19:22:24.861 |-ERROR [http-nio-8848-exec-2] org.gracefulshutdown.controller.TransactionOrderController [65] -|  线程休眠异常
2023-06-27 19:22:24.862 |-ERROR [http-nio-8848-exec-2] org.gracefulshutdown.controller.TransactionOrderController [65] -|  线程休眠异常
2023-06-27 19:22:24.862 |-ERROR [http-nio-8848-exec-2] org.gracefulshutdown.controller.TransactionOrderController [65] -|  线程休眠异常
2023-06-27 19:22:24.863 |-ERROR [http-nio-8848-exec-2] org.gracefulshutdown.controller.TransactionOrderController [65] -|  线程休眠异常
2023-06-27 19:22:24.863 |-INFO  [http-nio-8848-exec-2] org.gracefulshutdown.controller.TransactionOrderController [57] -|  >>>>>>>>>>>>>>>>>>>>>>>>>>>>>>>>>>>  当前count为：10，执行时间：2023-06-27 19:22:18
2023-06-27 19:22:24.864 |-ERROR [http-nio-8848-exec-2] org.gracefulshutdown.controller.TransactionOrderController [65] -|  线程休眠异常
2023-06-27 19:22:24.864 |-ERROR [http-nio-8848-exec-2] org.gracefulshutdown.controller.TransactionOrderController [65] -|  线程休眠异常
2023-06-27 19:22:24.864 |-ERROR [http-nio-8848-exec-2] org.gracefulshutdown.controller.TransactionOrderController [65] -|  线程休眠异常
2023-06-27 19:22:24.865 |-ERROR [http-nio-8848-exec-2] org.gracefulshutdown.controller.TransactionOrderController [65] -|  线程休眠异常
2023-06-27 19:22:24.865 |-ERROR [http-nio-8848-exec-2] org.gracefulshutdown.controller.TransactionOrderController [65] -|  线程休眠异常
2023-06-27 19:22:24.865 |-ERROR [http-nio-8848-exec-2] org.gracefulshutdown.controller.TransactionOrderController [65] -|  线程休眠异常
2023-06-27 19:22:24.866 |-ERROR [http-nio-8848-exec-2] org.gracefulshutdown.controller.TransactionOrderController [65] -|  线程休眠异常
2023-06-27 19:22:24.866 |-ERROR [http-nio-8848-exec-2] org.gracefulshutdown.controller.TransactionOrderController [65] -|  线程休眠异常
2023-06-27 19:22:24.866 |-ERROR [http-nio-8848-exec-2] org.gracefulshutdown.controller.TransactionOrderController [65] -|  线程休眠异常
2023-06-27 19:22:24.867 |-ERROR [http-nio-8848-exec-2] org.gracefulshutdown.controller.TransactionOrderController [65] -|  线程休眠异常
2023-06-27 19:22:24.867 |-INFO  [http-nio-8848-exec-2] org.gracefulshutdown.controller.TransactionOrderController [57] -|  >>>>>>>>>>>>>>>>>>>>>>>>>>>>>>>>>>>  当前count为：20，执行时间：2023-06-27 19:22:18
2023-06-27 19:22:24.867 |-ERROR [http-nio-8848-exec-2] org.gracefulshutdown.controller.TransactionOrderController [65] -|  线程休眠异常
2023-06-27 19:22:24.868 |-ERROR [http-nio-8848-exec-2] org.gracefulshutdown.controller.TransactionOrderController [65] -|  线程休眠异常
2023-06-27 19:22:24.869 |-ERROR [http-nio-8848-exec-2] org.gracefulshutdown.controller.TransactionOrderController [65] -|  线程休眠异常
2023-06-27 19:22:24.869 |-ERROR [http-nio-8848-exec-2] org.gracefulshutdown.controller.TransactionOrderController [65] -|  线程休眠异常
2023-06-27 19:22:24.870 |-ERROR [http-nio-8848-exec-2] org.gracefulshutdown.controller.TransactionOrderController [65] -|  线程休眠异常
2023-06-27 19:22:24.870 |-ERROR [http-nio-8848-exec-2] org.gracefulshutdown.controller.TransactionOrderController [65] -|  线程休眠异常
2023-06-27 19:22:24.870 |-ERROR [http-nio-8848-exec-2] org.gracefulshutdown.controller.TransactionOrderController [65] -|  线程休眠异常
2023-06-27 19:22:24.870 |-ERROR [http-nio-8848-exec-2] org.gracefulshutdown.controller.TransactionOrderController [65] -|  线程休眠异常
2023-06-27 19:22:24.871 |-ERROR [http-nio-8848-exec-2] org.gracefulshutdown.controller.TransactionOrderController [65] -|  线程休眠异常
2023-06-27 19:22:24.871 |-ERROR [http-nio-8848-exec-2] org.gracefulshutdown.controller.TransactionOrderController [65] -|  线程休眠异常
2023-06-27 19:22:24.871 |-INFO  [http-nio-8848-exec-2] org.gracefulshutdown.controller.TransactionOrderController [57] -|  >>>>>>>>>>>>>>>>>>>>>>>>>>>>>>>>>>>  当前count为：30，执行时间：2023-06-27 19:22:18
2023-06-27 19:22:24.871 |-ERROR [http-nio-8848-exec-2] org.gracefulshutdown.controller.TransactionOrderController [65] -|  线程休眠异常
2023-06-27 19:22:24.891 |-INFO  [SpringContextShutdownHook] org.springframework.scheduling.concurrent.ThreadPoolTaskExecutor [218] -|  Shutting down ExecutorService 'applicationTaskExecutor'
2023-06-27 19:23:02.652 |-INFO  [main] org.gracefulshutdown.GracefulShutdownApplication [55] -|  Starting GracefulShutdownApplication on DESKTOP-8P8SPK4 with PID 23024 (E:\IdeaProject\cqrcb\graceful-shutdown\target\classes started by MeiChuan in E:\IdeaProject\cqrcb\graceful-shutdown)
2023-06-27 19:23:02.655 |-INFO  [main] org.gracefulshutdown.GracefulShutdownApplication [648] -|  No active profile set, falling back to default profiles: default
2023-06-27 19:23:03.707 |-INFO  [main] org.springframework.boot.web.embedded.tomcat.TomcatWebServer [108] -|  Tomcat initialized with port(s): 8848 (http)
2023-06-27 19:23:03.719 |-INFO  [main] org.apache.coyote.http11.Http11NioProtocol [173] -|  Initializing ProtocolHandler ["http-nio-8848"]
2023-06-27 19:23:03.720 |-INFO  [main] org.apache.catalina.core.StandardService [173] -|  Starting service [Tomcat]
2023-06-27 19:23:03.720 |-INFO  [main] org.apache.catalina.core.StandardEngine [173] -|  Starting Servlet engine: [Apache Tomcat/9.0.46]
2023-06-27 19:23:03.810 |-INFO  [main] org.apache.catalina.core.ContainerBase.[Tomcat].[localhost].[/] [173] -|  Initializing Spring embedded WebApplicationContext
2023-06-27 19:23:03.811 |-INFO  [main] org.springframework.boot.web.servlet.context.ServletWebServerApplicationContext [285] -|  Root WebApplicationContext: initialization completed in 1110 ms
2023-06-27 19:23:04.121 |-INFO  [main] org.springframework.scheduling.concurrent.ThreadPoolTaskExecutor [181] -|  Initializing ExecutorService 'applicationTaskExecutor'
2023-06-27 19:23:04.298 |-INFO  [main] org.apache.coyote.http11.Http11NioProtocol [173] -|  Starting ProtocolHandler ["http-nio-8848"]
2023-06-27 19:23:04.321 |-INFO  [main] org.springframework.boot.web.embedded.tomcat.TomcatWebServer [220] -|  Tomcat started on port(s): 8848 (http) with context path ''
2023-06-27 19:23:04.332 |-INFO  [main] org.gracefulshutdown.GracefulShutdownApplication [61] -|  Started GracefulShutdownApplication in 2.335 seconds (JVM running for 3.991)
2023-06-27 19:23:07.573 |-INFO  [http-nio-8848-exec-1] org.apache.catalina.core.ContainerBase.[Tomcat].[localhost].[/] [173] -|  Initializing Spring DispatcherServlet 'dispatcherServlet'
2023-06-27 19:23:07.573 |-INFO  [http-nio-8848-exec-1] org.springframework.web.servlet.DispatcherServlet [525] -|  Initializing Servlet 'dispatcherServlet'
2023-06-27 19:23:07.590 |-INFO  [http-nio-8848-exec-1] org.springframework.web.servlet.DispatcherServlet [547] -|  Completed initialization in 15 ms
2023-06-27 19:23:19.714 |-INFO  [http-nio-8848-exec-1] org.gracefulshutdown.controller.TransactionOrderController [57] -|  >>>>>>>>>>>>>>>>>>>>>>>>>>>>>>>>>>>  当前count为：0，执行时间：2023-06-27 19:23:19
2023-06-27 19:23:25.772 |-INFO  [Thread-6] org.gracefulshutdown.hook.ControllerMonitorHook [32] -|  >>>>>>>>>>>>>>>>>>>>>>>>>>> 当前应用执行停机, 停机开始时间为：2023-06-27 19:23:25
2023-06-27 19:23:25.772 |-INFO  [Thread-6] org.gracefulshutdown.hook.ControllerMonitorHook [35] -|  当前需进行等待
2023-06-27 19:23:25.775 |-INFO  [SpringContextShutdownHook] org.springframework.boot.web.embedded.tomcat.GracefulShutdown [53] -|  Commencing graceful shutdown. Waiting for active requests to complete
2023-06-27 19:23:29.775 |-INFO  [http-nio-8848-exec-1] org.gracefulshutdown.controller.TransactionOrderController [57] -|  >>>>>>>>>>>>>>>>>>>>>>>>>>>>>>>>>>>  当前count为：10，执行时间：2023-06-27 19:23:19
2023-06-27 19:23:39.835 |-INFO  [http-nio-8848-exec-1] org.gracefulshutdown.controller.TransactionOrderController [57] -|  >>>>>>>>>>>>>>>>>>>>>>>>>>>>>>>>>>>  当前count为：20，执行时间：2023-06-27 19:23:19
2023-06-27 19:23:49.880 |-INFO  [http-nio-8848-exec-1] org.gracefulshutdown.controller.TransactionOrderController [57] -|  >>>>>>>>>>>>>>>>>>>>>>>>>>>>>>>>>>>  当前count为：30，执行时间：2023-06-27 19:23:19
2023-06-27 19:23:51.049 |-INFO  [tomcat-shutdown] org.springframework.boot.web.embedded.tomcat.GracefulShutdown [78] -|  Graceful shutdown complete
2023-06-27 19:23:51.059 |-INFO  [SpringContextShutdownHook] org.springframework.scheduling.concurrent.ThreadPoolTaskExecutor [218] -|  Shutting down ExecutorService 'applicationTaskExecutor'
2023-06-27 19:24:11.259 |-INFO  [main] org.gracefulshutdown.GracefulShutdownApplication [55] -|  Starting GracefulShutdownApplication on DESKTOP-8P8SPK4 with PID 33476 (E:\IdeaProject\cqrcb\graceful-shutdown\target\classes started by MeiChuan in E:\IdeaProject\cqrcb\graceful-shutdown)
2023-06-27 19:24:11.264 |-INFO  [main] org.gracefulshutdown.GracefulShutdownApplication [648] -|  No active profile set, falling back to default profiles: default
2023-06-27 19:24:12.389 |-INFO  [main] org.springframework.boot.web.embedded.tomcat.TomcatWebServer [108] -|  Tomcat initialized with port(s): 8848 (http)
2023-06-27 19:24:12.398 |-INFO  [main] org.apache.coyote.http11.Http11NioProtocol [173] -|  Initializing ProtocolHandler ["http-nio-8848"]
2023-06-27 19:24:12.399 |-INFO  [main] org.apache.catalina.core.StandardService [173] -|  Starting service [Tomcat]
2023-06-27 19:24:12.399 |-INFO  [main] org.apache.catalina.core.StandardEngine [173] -|  Starting Servlet engine: [Apache Tomcat/9.0.46]
2023-06-27 19:24:12.498 |-INFO  [main] org.apache.catalina.core.ContainerBase.[Tomcat].[localhost].[/] [173] -|  Initializing Spring embedded WebApplicationContext
2023-06-27 19:24:12.499 |-INFO  [main] org.springframework.boot.web.servlet.context.ServletWebServerApplicationContext [285] -|  Root WebApplicationContext: initialization completed in 1177 ms
2023-06-27 19:24:12.831 |-INFO  [main] org.springframework.scheduling.concurrent.ThreadPoolTaskExecutor [181] -|  Initializing ExecutorService 'applicationTaskExecutor'
2023-06-27 19:24:13.038 |-INFO  [main] org.apache.coyote.http11.Http11NioProtocol [173] -|  Starting ProtocolHandler ["http-nio-8848"]
2023-06-27 19:24:13.065 |-INFO  [main] org.springframework.boot.web.embedded.tomcat.TomcatWebServer [220] -|  Tomcat started on port(s): 8848 (http) with context path ''
2023-06-27 19:24:13.074 |-INFO  [main] org.gracefulshutdown.GracefulShutdownApplication [61] -|  Started GracefulShutdownApplication in 2.33 seconds (JVM running for 3.829)
2023-06-27 19:24:17.942 |-INFO  [http-nio-8848-exec-2] org.apache.catalina.core.ContainerBase.[Tomcat].[localhost].[/] [173] -|  Initializing Spring DispatcherServlet 'dispatcherServlet'
2023-06-27 19:24:17.942 |-INFO  [http-nio-8848-exec-2] org.springframework.web.servlet.DispatcherServlet [525] -|  Initializing Servlet 'dispatcherServlet'
2023-06-27 19:24:17.952 |-INFO  [http-nio-8848-exec-2] org.springframework.web.servlet.DispatcherServlet [547] -|  Completed initialization in 10 ms
2023-06-27 19:24:23.238 |-INFO  [http-nio-8848-exec-2] org.gracefulshutdown.controller.TransactionOrderController [57] -|  >>>>>>>>>>>>>>>>>>>>>>>>>>>>>>>>>>>  当前count为：0，执行时间：2023-06-27 19:24:23
2023-06-27 19:24:33.294 |-INFO  [http-nio-8848-exec-2] org.gracefulshutdown.controller.TransactionOrderController [57] -|  >>>>>>>>>>>>>>>>>>>>>>>>>>>>>>>>>>>  当前count为：10，执行时间：2023-06-27 19:24:23
2023-06-27 19:24:43.339 |-INFO  [http-nio-8848-exec-2] org.gracefulshutdown.controller.TransactionOrderController [57] -|  >>>>>>>>>>>>>>>>>>>>>>>>>>>>>>>>>>>  当前count为：20，执行时间：2023-06-27 19:24:23
2023-06-27 19:24:53.389 |-INFO  [http-nio-8848-exec-2] org.gracefulshutdown.controller.TransactionOrderController [57] -|  >>>>>>>>>>>>>>>>>>>>>>>>>>>>>>>>>>>  当前count为：30，执行时间：2023-06-27 19:24:23
2023-06-27 19:25:36.553 |-INFO  [Thread-4] org.gracefulshutdown.hook.ControllerMonitorHook [32] -|  >>>>>>>>>>>>>>>>>>>>>>>>>>> 当前应用执行停机, 停机开始时间为：2023-06-27 19:25:36
2023-06-27 19:25:36.554 |-INFO  [Thread-4] org.gracefulshutdown.hook.ControllerMonitorHook [39] -|  >>>>>>>>>>>>>>>>>>>>>>>>>>> 当前应用执行停机, 停机结束时间为：2023-06-27 19:25:36
2023-06-27 19:25:36.556 |-INFO  [SpringContextShutdownHook] org.springframework.boot.web.embedded.tomcat.GracefulShutdown [53] -|  Commencing graceful shutdown. Waiting for active requests to complete
2023-06-27 19:25:37.115 |-INFO  [tomcat-shutdown] org.springframework.boot.web.embedded.tomcat.GracefulShutdown [78] -|  Graceful shutdown complete
2023-06-27 19:25:37.185 |-INFO  [SpringContextShutdownHook] org.springframework.scheduling.concurrent.ThreadPoolTaskExecutor [218] -|  Shutting down ExecutorService 'applicationTaskExecutor'
2023-06-27 19:25:46.027 |-INFO  [main] org.gracefulshutdown.GracefulShutdownApplication [55] -|  Starting GracefulShutdownApplication on DESKTOP-8P8SPK4 with PID 25636 (E:\IdeaProject\cqrcb\graceful-shutdown\target\classes started by MeiChuan in E:\IdeaProject\cqrcb\graceful-shutdown)
2023-06-27 19:25:46.032 |-INFO  [main] org.gracefulshutdown.GracefulShutdownApplication [648] -|  No active profile set, falling back to default profiles: default
2023-06-27 19:25:47.164 |-INFO  [main] org.springframework.boot.web.embedded.tomcat.TomcatWebServer [108] -|  Tomcat initialized with port(s): 8848 (http)
2023-06-27 19:25:47.173 |-INFO  [main] org.apache.coyote.http11.Http11NioProtocol [173] -|  Initializing ProtocolHandler ["http-nio-8848"]
2023-06-27 19:25:47.174 |-INFO  [main] org.apache.catalina.core.StandardService [173] -|  Starting service [Tomcat]
2023-06-27 19:25:47.174 |-INFO  [main] org.apache.catalina.core.StandardEngine [173] -|  Starting Servlet engine: [Apache Tomcat/9.0.46]
2023-06-27 19:25:47.261 |-INFO  [main] org.apache.catalina.core.ContainerBase.[Tomcat].[localhost].[/] [173] -|  Initializing Spring embedded WebApplicationContext
2023-06-27 19:25:47.261 |-INFO  [main] org.springframework.boot.web.servlet.context.ServletWebServerApplicationContext [285] -|  Root WebApplicationContext: initialization completed in 1163 ms
2023-06-27 19:25:47.558 |-INFO  [main] org.springframework.scheduling.concurrent.ThreadPoolTaskExecutor [181] -|  Initializing ExecutorService 'applicationTaskExecutor'
2023-06-27 19:25:47.730 |-INFO  [main] org.apache.coyote.http11.Http11NioProtocol [173] -|  Starting ProtocolHandler ["http-nio-8848"]
2023-06-27 19:25:47.751 |-INFO  [main] org.springframework.boot.web.embedded.tomcat.TomcatWebServer [220] -|  Tomcat started on port(s): 8848 (http) with context path ''
2023-06-27 19:25:47.759 |-INFO  [main] org.gracefulshutdown.GracefulShutdownApplication [61] -|  Started GracefulShutdownApplication in 2.279 seconds (JVM running for 3.417)
2023-06-27 19:25:52.738 |-INFO  [http-nio-8848-exec-1] org.apache.catalina.core.ContainerBase.[Tomcat].[localhost].[/] [173] -|  Initializing Spring DispatcherServlet 'dispatcherServlet'
2023-06-27 19:25:52.739 |-INFO  [http-nio-8848-exec-1] org.springframework.web.servlet.DispatcherServlet [525] -|  Initializing Servlet 'dispatcherServlet'
2023-06-27 19:25:52.751 |-INFO  [http-nio-8848-exec-1] org.springframework.web.servlet.DispatcherServlet [547] -|  Completed initialization in 12 ms
2023-06-27 19:25:55.853 |-INFO  [http-nio-8848-exec-1] org.gracefulshutdown.controller.TransactionOrderController [57] -|  >>>>>>>>>>>>>>>>>>>>>>>>>>>>>>>>>>>  当前count为：0，执行时间：2023-06-27 19:25:55
2023-06-27 19:26:00.573 |-INFO  [Thread-5] org.gracefulshutdown.hook.ControllerMonitorHook [32] -|  >>>>>>>>>>>>>>>>>>>>>>>>>>> 当前应用执行停机, 停机开始时间为：2023-06-27 19:26:00
2023-06-27 19:26:00.574 |-INFO  [Thread-5] org.gracefulshutdown.hook.ControllerMonitorHook [35] -|  当前需进行等待
2023-06-27 19:26:00.577 |-INFO  [SpringContextShutdownHook] org.springframework.boot.web.embedded.tomcat.GracefulShutdown [53] -|  Commencing graceful shutdown. Waiting for active requests to complete
2023-06-27 19:26:05.941 |-INFO  [http-nio-8848-exec-1] org.gracefulshutdown.controller.TransactionOrderController [57] -|  >>>>>>>>>>>>>>>>>>>>>>>>>>>>>>>>>>>  当前count为：10，执行时间：2023-06-27 19:25:55
2023-06-27 19:26:16.013 |-INFO  [http-nio-8848-exec-1] org.gracefulshutdown.controller.TransactionOrderController [57] -|  >>>>>>>>>>>>>>>>>>>>>>>>>>>>>>>>>>>  当前count为：20，执行时间：2023-06-27 19:25:55
2023-06-27 19:26:26.065 |-INFO  [http-nio-8848-exec-1] org.gracefulshutdown.controller.TransactionOrderController [57] -|  >>>>>>>>>>>>>>>>>>>>>>>>>>>>>>>>>>>  当前count为：30，执行时间：2023-06-27 19:25:55
2023-06-27 19:26:27.253 |-INFO  [tomcat-shutdown] org.springframework.boot.web.embedded.tomcat.GracefulShutdown [78] -|  Graceful shutdown complete
2023-06-27 19:26:27.309 |-INFO  [SpringContextShutdownHook] org.springframework.scheduling.concurrent.ThreadPoolTaskExecutor [218] -|  Shutting down ExecutorService 'applicationTaskExecutor'
2023-06-27 19:28:00.584 |-INFO  [Thread-5] org.gracefulshutdown.hook.ControllerMonitorHook [39] -|  >>>>>>>>>>>>>>>>>>>>>>>>>>> 当前应用执行停机, 停机结束时间为：2023-06-27 19:28:00
2023-06-27 19:48:04.360 |-INFO  [main] org.gracefulshutdown.GracefulShutdownApplication [55] -|  Starting GracefulShutdownApplication on DESKTOP-8P8SPK4 with PID 20768 (E:\IdeaProject\cqrcb\graceful-shutdown\target\classes started by MeiChuan in E:\IdeaProject\cqrcb\graceful-shutdown)
2023-06-27 19:48:04.364 |-INFO  [main] org.gracefulshutdown.GracefulShutdownApplication [648] -|  No active profile set, falling back to default profiles: default
2023-06-27 19:48:05.515 |-INFO  [main] org.springframework.boot.web.embedded.tomcat.TomcatWebServer [108] -|  Tomcat initialized with port(s): 8848 (http)
2023-06-27 19:48:05.525 |-INFO  [main] org.apache.coyote.http11.Http11NioProtocol [173] -|  Initializing ProtocolHandler ["http-nio-8848"]
2023-06-27 19:48:05.526 |-INFO  [main] org.apache.catalina.core.StandardService [173] -|  Starting service [Tomcat]
2023-06-27 19:48:05.527 |-INFO  [main] org.apache.catalina.core.StandardEngine [173] -|  Starting Servlet engine: [Apache Tomcat/9.0.46]
2023-06-27 19:48:05.668 |-INFO  [main] org.apache.catalina.core.ContainerBase.[Tomcat].[localhost].[/] [173] -|  Initializing Spring embedded WebApplicationContext
2023-06-27 19:48:05.668 |-INFO  [main] org.springframework.boot.web.servlet.context.ServletWebServerApplicationContext [285] -|  Root WebApplicationContext: initialization completed in 1247 ms
2023-06-27 19:48:06.214 |-INFO  [main] org.springframework.scheduling.concurrent.ThreadPoolTaskExecutor [181] -|  Initializing ExecutorService 'applicationTaskExecutor'
2023-06-27 19:48:06.567 |-INFO  [main] org.apache.coyote.http11.Http11NioProtocol [173] -|  Starting ProtocolHandler ["http-nio-8848"]
2023-06-27 19:48:06.613 |-INFO  [main] org.springframework.boot.web.embedded.tomcat.TomcatWebServer [220] -|  Tomcat started on port(s): 8848 (http) with context path ''
2023-06-27 19:48:06.943 |-INFO  [main] org.gracefulshutdown.GracefulShutdownApplication [61] -|  Started GracefulShutdownApplication in 3.136 seconds (JVM running for 4.425)
2023-06-27 19:48:06.996 |-INFO  [http-nio-8848-exec-3] org.apache.catalina.core.ContainerBase.[Tomcat].[localhost].[/] [173] -|  Initializing Spring DispatcherServlet 'dispatcherServlet'
2023-06-27 19:48:06.997 |-INFO  [http-nio-8848-exec-3] org.springframework.web.servlet.DispatcherServlet [525] -|  Initializing Servlet 'dispatcherServlet'
2023-06-27 19:48:07.018 |-INFO  [http-nio-8848-exec-3] org.springframework.web.servlet.DispatcherServlet [547] -|  Completed initialization in 21 ms
2023-06-27 19:48:14.481 |-INFO  [http-nio-8848-exec-3] org.gracefulshutdown.controller.TransactionOrderController [57] -|  >>>>>>>>>>>>>>>>>>>>>>>>>>>>>>>>>>>  当前count为：0，执行时间：2023-06-27 19:48:14
2023-06-27 19:48:24.583 |-INFO  [http-nio-8848-exec-3] org.gracefulshutdown.controller.TransactionOrderController [57] -|  >>>>>>>>>>>>>>>>>>>>>>>>>>>>>>>>>>>  当前count为：10，执行时间：2023-06-27 19:48:14
2023-06-27 19:48:34.630 |-INFO  [http-nio-8848-exec-3] org.gracefulshutdown.controller.TransactionOrderController [57] -|  >>>>>>>>>>>>>>>>>>>>>>>>>>>>>>>>>>>  当前count为：20，执行时间：2023-06-27 19:48:14
2023-06-27 19:48:34.799 |-INFO  [Thread-5] org.gracefulshutdown.hook.ControllerMonitorHook [32] -|  >>>>>>>>>>>>>>>>>>>>>>>>>>> 当前应用执行停机, 停机开始时间为：2023-06-27 19:48:34
2023-06-27 19:48:34.800 |-INFO  [Thread-5] org.gracefulshutdown.hook.ControllerMonitorHook [35] -|  当前需进行等待
2023-06-27 19:48:34.803 |-INFO  [SpringContextShutdownHook] org.springframework.boot.web.embedded.tomcat.GracefulShutdown [53] -|  Commencing graceful shutdown. Waiting for active requests to complete
2023-06-27 19:49:06.365 |-INFO  [main] org.gracefulshutdown.GracefulShutdownApplication [55] -|  Starting GracefulShutdownApplication on DESKTOP-8P8SPK4 with PID 10452 (E:\IdeaProject\cqrcb\graceful-shutdown\target\classes started by MeiChuan in E:\IdeaProject\cqrcb\graceful-shutdown)
2023-06-27 19:49:06.371 |-INFO  [main] org.gracefulshutdown.GracefulShutdownApplication [648] -|  No active profile set, falling back to default profiles: default
2023-06-27 19:49:07.268 |-INFO  [main] org.springframework.boot.web.embedded.tomcat.TomcatWebServer [108] -|  Tomcat initialized with port(s): 8848 (http)
2023-06-27 19:49:07.277 |-INFO  [main] org.apache.coyote.http11.Http11NioProtocol [173] -|  Initializing ProtocolHandler ["http-nio-8848"]
2023-06-27 19:49:07.277 |-INFO  [main] org.apache.catalina.core.StandardService [173] -|  Starting service [Tomcat]
2023-06-27 19:49:07.278 |-INFO  [main] org.apache.catalina.core.StandardEngine [173] -|  Starting Servlet engine: [Apache Tomcat/9.0.46]
2023-06-27 19:49:07.368 |-INFO  [main] org.apache.catalina.core.ContainerBase.[Tomcat].[localhost].[/] [173] -|  Initializing Spring embedded WebApplicationContext
2023-06-27 19:49:07.369 |-INFO  [main] org.springframework.boot.web.servlet.context.ServletWebServerApplicationContext [285] -|  Root WebApplicationContext: initialization completed in 930 ms
2023-06-27 19:49:07.572 |-INFO  [main] org.springframework.scheduling.concurrent.ThreadPoolTaskExecutor [181] -|  Initializing ExecutorService 'applicationTaskExecutor'
2023-06-27 19:49:07.700 |-INFO  [main] org.apache.coyote.http11.Http11NioProtocol [173] -|  Starting ProtocolHandler ["http-nio-8848"]
2023-06-27 19:49:07.722 |-INFO  [main] org.springframework.boot.web.embedded.tomcat.TomcatWebServer [220] -|  Tomcat started on port(s): 8848 (http) with context path ''
2023-06-27 19:49:07.730 |-INFO  [main] org.gracefulshutdown.GracefulShutdownApplication [61] -|  Started GracefulShutdownApplication in 1.917 seconds (JVM running for 2.994)
2023-06-27 19:49:15.231 |-INFO  [http-nio-8848-exec-1] org.apache.catalina.core.ContainerBase.[Tomcat].[localhost].[/] [173] -|  Initializing Spring DispatcherServlet 'dispatcherServlet'
2023-06-27 19:49:15.232 |-INFO  [http-nio-8848-exec-1] org.springframework.web.servlet.DispatcherServlet [525] -|  Initializing Servlet 'dispatcherServlet'
2023-06-27 19:49:15.239 |-INFO  [http-nio-8848-exec-1] org.springframework.web.servlet.DispatcherServlet [547] -|  Completed initialization in 7 ms
2023-06-27 19:49:17.315 |-INFO  [http-nio-8848-exec-1] org.gracefulshutdown.controller.TransactionOrderController [57] -|  >>>>>>>>>>>>>>>>>>>>>>>>>>>>>>>>>>>  当前count为：0，执行时间：2023-06-27 19:49:17
2023-06-27 19:49:21.850 |-INFO  [Thread-4] org.gracefulshutdown.hook.ControllerMonitorHook [32] -|  >>>>>>>>>>>>>>>>>>>>>>>>>>> 当前应用执行停机, 停机开始时间为：2023-06-27 19:49:21
2023-06-27 19:49:21.851 |-INFO  [Thread-4] org.gracefulshutdown.hook.ControllerMonitorHook [39] -|  >>>>>>>>>>>>>>>>>>>>>>>>>>> 当前应用执行停机, 停机结束时间为：2023-06-27 19:49:21
2023-06-27 19:49:21.854 |-INFO  [SpringContextShutdownHook] org.springframework.boot.web.embedded.tomcat.GracefulShutdown [53] -|  Commencing graceful shutdown. Waiting for active requests to complete
2023-06-27 19:49:27.383 |-INFO  [http-nio-8848-exec-1] org.gracefulshutdown.controller.TransactionOrderController [57] -|  >>>>>>>>>>>>>>>>>>>>>>>>>>>>>>>>>>>  当前count为：10，执行时间：2023-06-27 19:49:17
2023-06-27 19:49:37.431 |-INFO  [http-nio-8848-exec-1] org.gracefulshutdown.controller.TransactionOrderController [57] -|  >>>>>>>>>>>>>>>>>>>>>>>>>>>>>>>>>>>  当前count为：20，执行时间：2023-06-27 19:49:17
2023-06-27 19:49:47.471 |-INFO  [http-nio-8848-exec-1] org.gracefulshutdown.controller.TransactionOrderController [57] -|  >>>>>>>>>>>>>>>>>>>>>>>>>>>>>>>>>>>  当前count为：30，执行时间：2023-06-27 19:49:17
2023-06-27 19:49:48.578 |-INFO  [tomcat-shutdown] org.springframework.boot.web.embedded.tomcat.GracefulShutdown [78] -|  Graceful shutdown complete
2023-06-27 19:49:48.589 |-INFO  [SpringContextShutdownHook] org.springframework.scheduling.concurrent.ThreadPoolTaskExecutor [218] -|  Shutting down ExecutorService 'applicationTaskExecutor'
